app/build/outputs/logs/manifest-merger-debug-report.txt
-- Merging decision tree log ---
manifest
ADDED from src\main\AndroidManifest.xml:2:1-76:12
	package
		ADDED from src\main\AndroidManifest.xml:3:5-33
		INJECTED from src\main\AndroidManifest.xml
		INJECTED from src\main\AndroidManifest.xml
	android:versionName
		ADDED from src\main\AndroidManifest.xml:5:5-30
		INJECTED from src\main\AndroidManifest.xml
		INJECTED from src\main\AndroidManifest.xml
	android:versionCode
		ADDED from src\main\AndroidManifest.xml:4:5-28
		INJECTED from src\main\AndroidManifest.xml
		INJECTED from src\main\AndroidManifest.xml
	xmlns:android
		ADDED from src\main\AndroidManifest.xml:2:11-69
uses-feature#android.hardware.usb.host
ADDED from src\main\AndroidManifest.xml:7:3-60
	android:name
		ADDED from src\main\AndroidManifest.xml:7:17-57
uses-sdk
ADDED from src\main\AndroidManifest.xml:9:5-11:41
	android:targetSdkVersion
		ADDED from src\main\AndroidManifest.xml:11:9-38
		INJECTED from src\main\AndroidManifest.xml
		INJECTED from src\main\AndroidManifest.xml
	android:minSdkVersion
		ADDED from src\main\AndroidManifest.xml:10:9-34
		INJECTED from src\main\AndroidManifest.xml
		INJECTED from src\main\AndroidManifest.xml
uses-permission#android.permission.BLUETOOTH
ADDED from src\main\AndroidManifest.xml:13:5-68
	android:name
		ADDED from src\main\AndroidManifest.xml:13:22-65
uses-permission#android.permission.BLUETOOTH_ADMIN
ADDED from src\main\AndroidManifest.xml:14:5-74
	android:name
		ADDED from src\main\AndroidManifest.xml:14:22-71
uses-permission#android.permission.INTERNET
ADDED from src\main\AndroidManifest.xml:15:5-67
	android:name
		ADDED from src\main\AndroidManifest.xml:15:22-64
uses-permission#android.permission.READ_EXTERNAL_STORAGE
ADDED from src\main\AndroidManifest.xml:16:5-80
	android:name
		ADDED from src\main\AndroidManifest.xml:16:22-77
uses-permission#android.permission.WRITE_EXTERNAL_STORAGE
ADDED from src\main\AndroidManifest.xml:17:5-81
	android:name
		ADDED from src\main\AndroidManifest.xml:17:22-78
application
ADDED from src\main\AndroidManifest.xml:19:5-74:19
	android:icon
		ADDED from src\main\AndroidManifest.xml:21:9-38
	android:theme
		ADDED from src\main\AndroidManifest.xml:22:9-41
	android:name
		ADDED from src\main\AndroidManifest.xml:20:9-48
activity#com.print.demo.firstview.ConnectAvtivity
ADDED from src\main\AndroidManifest.xml:23:9-38:20
	android:screenOrientation
		ADDED from src\main\AndroidManifest.xml:26:13-49
	android:label
		ADDED from src\main\AndroidManifest.xml:25:13-45
	android:name
		ADDED from src\main\AndroidManifest.xml:24:13-68
intent-filter#android.intent.action.MAIN+android.intent.category.LAUNCHER
ADDED from src\main\AndroidManifest.xml:27:13-30:29
action#android.intent.action.MAIN
ADDED from src\main\AndroidManifest.xml:28:17-69
	android:name
		ADDED from src\main\AndroidManifest.xml:28:25-66
category#android.intent.category.LAUNCHER
ADDED from src\main\AndroidManifest.xml:29:17-77
	android:name
		ADDED from src\main\AndroidManifest.xml:29:27-74
intent-filter#android.hardware.usb.action.USB_DEVICE_ATTACHED
ADDED from src\main\AndroidManifest.xml:31:13-33:29
action#android.hardware.usb.action.USB_DEVICE_ATTACHED
ADDED from src\main\AndroidManifest.xml:32:17-90
	android:name
		ADDED from src\main\AndroidManifest.xml:32:25-87
meta-data#android.hardware.usb.action.USB_DEVICE_ATTACHED
ADDED from src\main\AndroidManifest.xml:35:13-37:57
	android:resource
		ADDED from src\main\AndroidManifest.xml:37:17-54
	android:name
		ADDED from src\main\AndroidManifest.xml:36:17-79
activity#com.print.demo.printview.TextFirstActivity
ADDED from src\main\AndroidManifest.xml:39:9-41:52
	android:screenOrientation
		ADDED from src\main\AndroidManifest.xml:41:13-49
	android:name
		ADDED from src\main\AndroidManifest.xml:40:13-70
activity#com.print.demo.printview.TextSecondActivity
ADDED from src\main\AndroidManifest.xml:42:9-44:52
	android:screenOrientation
		ADDED from src\main\AndroidManifest.xml:44:13-49
	android:name
		ADDED from src\main\AndroidManifest.xml:43:13-71
activity#com.print.demo.printview.TextTabsActivity
ADDED from src\main\AndroidManifest.xml:45:9-48:55
	android:screenOrientation
		ADDED from src\main\AndroidManifest.xml:47:13-49
	android:windowSoftInputMode
		ADDED from src\main\AndroidManifest.xml:48:13-52
	android:name
		ADDED from src\main\AndroidManifest.xml:46:13-69
activity#com.print.demo.printview.TextThirdActivity
ADDED from src\main\AndroidManifest.xml:49:9-51:52
	android:screenOrientation
		ADDED from src\main\AndroidManifest.xml:51:13-49
	android:name
		ADDED from src\main\AndroidManifest.xml:50:13-70
activity#com.print.demo.printview.GraphicThirdActivity
ADDED from src\main\AndroidManifest.xml:52:9-54:52
	android:screenOrientation
		ADDED from src\main\AndroidManifest.xml:54:13-49
	android:name
		ADDED from src\main\AndroidManifest.xml:53:13-73
activity#com.print.demo.printview.GraphicSecondActivity
ADDED from src\main\AndroidManifest.xml:55:9-57:52
	android:screenOrientation
		ADDED from src\main\AndroidManifest.xml:57:13-49
	android:name
		ADDED from src\main\AndroidManifest.xml:56:13-74
activity#com.print.demo.printview.GraphicFirstActivity
ADDED from src\main\AndroidManifest.xml:58:9-60:52
	android:screenOrientation
		ADDED from src\main\AndroidManifest.xml:60:13-49
	android:name
		ADDED from src\main\AndroidManifest.xml:59:13-73
activity#com.print.demo.printview.GraphicTabsActivity
ADDED from src\main\AndroidManifest.xml:61:9-64:55
	android:screenOrientation
		ADDED from src\main\AndroidManifest.xml:63:13-49
	android:windowSoftInputMode
		ADDED from src\main\AndroidManifest.xml:64:13-52
	android:name
		ADDED from src\main\AndroidManifest.xml:62:13-72
activity#utils.LinkContactActivity
ADDED from src\main\AndroidManifest.xml:65:9-67:52
	android:screenOrientation
		ADDED from src\main\AndroidManifest.xml:67:13-49
	android:name
		ADDED from src\main\AndroidManifest.xml:66:13-53
activity#com.print.demorego.BluetoothActivity
ADDED from src\main\AndroidManifest.xml:68:9-70:52
	android:screenOrientation
		ADDED from src\main\AndroidManifest.xml:70:13-49
	android:name
		ADDED from src\main\AndroidManifest.xml:69:13-46
activity#com.print.demo.secondview.PrintModeActivity
ADDED from src\main\AndroidManifest.xml:71:9-73:52
	android:screenOrientation
		ADDED from src\main\AndroidManifest.xml:73:13-49
	android:name
		ADDED from src\main\AndroidManifest.xml:72:13-71